##teamcity[progressStart 'Running Jasmine Tests']
##teamcity[testSuiteStarted name='vipr']
##teamcity[testStarted name='exists' captureStandardOutput='true']
##teamcity[testFailed name='exists' message='|[FAILED|]' details='Error: Expected |'http://ws.vipr.startsiden.no/v1/videos|' to be |'http://ws.vipr.satartsiden.no/v1/videos|'.|n    at new jasmine.ExpectationResult (/usr/local/lib/node_modules/jasmine-node/lib/jasmine-node/jasmine-1.3.1.js:114:32)|n    at null.toBe (/usr/local/lib/node_modules/jasmine-node/lib/jasmine-node/jasmine-1.3.1.js:1316:29)|n    at null.<anonymous> (/Users/andreas/Projects/work/vipr/vipr-player/spec/player.Spec.js:11:33)|n    at jasmine.Block.execute (/usr/local/lib/node_modules/jasmine-node/lib/jasmine-node/jasmine-1.3.1.js:1145:17)|n    at jasmine.Queue.next_ (/usr/local/lib/node_modules/jasmine-node/lib/jasmine-node/jasmine-1.3.1.js:2177:31)|n    at null._onTimeout (/usr/local/lib/node_modules/jasmine-node/lib/jasmine-node/jasmine-1.3.1.js:2167:18)|n    at Timer.listOnTimeout |[as ontimeout|] (timers.js:112:15)']
##teamcity[testFinished name='exists']
##teamcity[testSuiteFinished name='vipr']
##teamcity[testSuiteStarted name='player']
##teamcity[testStarted name='exists' captureStandardOutput='true']
##teamcity[testFinished name='exists']
##teamcity[testStarted name='can notify plugins' captureStandardOutput='true']
##teamcity[testFinished name='can notify plugins']
##teamcity[testStarted name='registers play start time' captureStandardOutput='true']
##teamcity[testFinished name='registers play start time']
##teamcity[testStarted name='can set base url' captureStandardOutput='true']
##teamcity[testFinished name='can set base url']
##teamcity[testStarted name='returns 0 from getTime() if screen9 player does not exist' captureStandardOutput='true']
##teamcity[testFinished name='returns 0 from getTime() if screen9 player does not exist']
##teamcity[testStarted name='returns unloaded state if screen9 player does not exist' captureStandardOutput='true']
##teamcity[testFinished name='returns unloaded state if screen9 player does not exist']
##teamcity[testStarted name='returns 0 width and height if screen9 player does not exist' captureStandardOutput='true']
##teamcity[testFinished name='returns 0 width and height if screen9 player does not exist']
##teamcity[testSuiteFinished name='player']
##teamcity[testSuiteStarted name='player with screen9 video']
##teamcity[testSuiteFinished name='player with screen9 video']
##teamcity[testSuiteStarted name='HTML5 player']
##teamcity[testStarted name='can get initial state' captureStandardOutput='true']
##teamcity[testFinished name='can get initial state']
##teamcity[testSuiteFinished name='HTML5 player']
##teamcity[progressFinish 'Running Jasmine Tests']


